[08-Jul-2021 14:44:43] NOTICE: fpm is running, pid 16802
[08-Jul-2021 14:44:43] NOTICE: ready to handle connections
[19-Jul-2021 12:46:53] NOTICE: fpm is running, pid 9060
[19-Jul-2021 12:46:53] NOTICE: ready to handle connections
[16-Aug-2021 14:57:45] NOTICE: Terminating ...
[16-Aug-2021 14:57:45] NOTICE: Terminating ...
[16-Aug-2021 14:57:45] NOTICE: exiting, bye-bye!
[17-Aug-2021 11:31:42] NOTICE: fpm is running, pid 58282
[17-Aug-2021 11:31:42] NOTICE: ready to handle connections
[18-Aug-2021 14:46:16] NOTICE: Terminating ...
[18-Aug-2021 14:46:16] NOTICE: Terminating ...
[18-Aug-2021 14:46:16] NOTICE: exiting, bye-bye!
[18-Aug-2021 15:04:17] NOTICE: fpm is running, pid 1897
[18-Aug-2021 15:04:17] NOTICE: ready to handle connections
[18-Aug-2021 16:15:30] NOTICE: Terminating ...
[18-Aug-2021 16:15:30] NOTICE: exiting, bye-bye!
[18-Aug-2021 16:16:06] NOTICE: fpm is running, pid 3299
[18-Aug-2021 16:16:06] NOTICE: ready to handle connections
[07-Sep-2021 11:05:31] NOTICE: fpm is running, pid 4006
[07-Sep-2021 11:05:31] NOTICE: ready to handle connections
[10-Sep-2021 09:49:06] NOTICE: Terminating ...
[10-Sep-2021 09:49:06] NOTICE: Terminating ...
[10-Sep-2021 09:49:06] NOTICE: exiting, bye-bye!
[10-Sep-2021 10:04:53] NOTICE: fpm is running, pid 1242
[10-Sep-2021 10:04:53] NOTICE: ready to handle connections
[13-Sep-2021 13:33:35] NOTICE: Terminating ...
[13-Sep-2021 13:33:35] NOTICE: Terminating ...
[13-Sep-2021 13:33:35] NOTICE: exiting, bye-bye!
[13-Sep-2021 13:36:02] NOTICE: fpm is running, pid 11051
[13-Sep-2021 13:36:02] NOTICE: ready to handle connections
[14-Sep-2021 22:31:19] NOTICE: Terminating ...
[14-Sep-2021 22:31:19] NOTICE: Terminating ...
[14-Sep-2021 22:31:19] NOTICE: exiting, bye-bye!
[15-Sep-2021 10:04:33] NOTICE: fpm is running, pid 5936
[15-Sep-2021 10:04:33] NOTICE: ready to handle connections
